<?xml version="1.0" encoding="UTF-8"?>
<testsuite xmlns:xsi="http://www.w3.org/2001/XMLSchema-instance" xsi:noNamespaceSchemaLocation="https://maven.apache.org/surefire/maven-surefire-plugin/xsd/surefire-test-report.xsd" version="3.0.2" name="Login Feature" time="65.201" tests="3" errors="2" skipped="0" failures="1">
  <properties>
[...]
</properties>
  <testcase name="To perform successful login for the user #1" classname="Login Feature" time="47.768">
    <error message="Object doesn&apos;t exist: request@fd0242b3a604da5da3af5bd03e235509" type="com.microsoft.playwright.PlaywrightException"><![CDATA[com.microsoft.playwright.PlaywrightException: Object doesn't exist: request@fd0242b3a604da5da3af5bd03e235509
	at com.microsoft.playwright.impl.Connection.getExistingObject(Connection.java:195)
	at com.microsoft.playwright.impl.BrowserContextImpl.handleEvent(BrowserContextImpl.java:744)
	at com.microsoft.playwright.impl.Connection.dispatch(Connection.java:295)
	at com.microsoft.playwright.impl.Connection.processOneMessage(Connection.java:214)
	at com.microsoft.playwright.impl.ChannelOwner.runUntil(ChannelOwner.java:136)
	at com.microsoft.playwright.impl.Connection.sendMessage(Connection.java:131)
	at com.microsoft.playwright.impl.ChannelOwner.sendMessage(ChannelOwner.java:124)
	at com.microsoft.playwright.impl.FrameImpl.navigateImpl(FrameImpl.java:419)
	at com.microsoft.playwright.impl.PageImpl.navigate(PageImpl.java:930)
	at com.microsoft.playwright.impl.PageImpl.navigate(PageImpl.java:43)
	at com.microsoft.playwright.Page.navigate(Page.java:5491)
	at Commom.HeaderSection.launchURL(HeaderSection.java:20)
	at StepDefs.StepDefinitions.navigate_to_url(StepDefinitions.java:31)
	at ✽.navigate to URL "https://ecommerce-playground.lambdatest.io/"(file:///H:/Prasanth/IdeaProjects/PlaywrightSimpleProject/PlaywrightProject/src/test/resources/features/login.feature:6)
]]></error>
    <system-out><![CDATA[
@allTCRun @positive @LoginUser
Scenario Outline: To perform successful login for the user              &amp#27;[90m# src/test/resources/features/login.feature:13&amp#27;[0m

    Executing Scenario: To perform successful login for the user

  &amp#27;[31mGiven &amp#27;[0m&amp#27;[31mnavigate to URL &amp#27;[0m&amp#27;[31m&amp#27;[1m"https://ecommerce-playground.lambdatest.io/"&amp#27;[0m   &amp#27;[90m# StepDefs.StepDefinitions.navigate_to_url(java.lang.String)&amp#27;[0m
      &amp#27;[31mcom.microsoft.playwright.PlaywrightException: Object doesn't exist: request@fd0242b3a604da5da3af5bd03e235509
	at com.microsoft.playwright.impl.Connection.getExistingObject(Connection.java:195)
	at com.microsoft.playwright.impl.BrowserContextImpl.handleEvent(BrowserContextImpl.java:744)
	at com.microsoft.playwright.impl.Connection.dispatch(Connection.java:295)
	at com.microsoft.playwright.impl.Connection.processOneMessage(Connection.java:214)
	at com.microsoft.playwright.impl.ChannelOwner.runUntil(ChannelOwner.java:136)
	at com.microsoft.playwright.impl.Connection.sendMessage(Connection.java:131)
	at com.microsoft.playwright.impl.ChannelOwner.sendMessage(ChannelOwner.java:124)
	at com.microsoft.playwright.impl.FrameImpl.navigateImpl(FrameImpl.java:419)
	at com.microsoft.playwright.impl.PageImpl.navigate(PageImpl.java:930)
	at com.microsoft.playwright.impl.PageImpl.navigate(PageImpl.java:43)
	at com.microsoft.playwright.Page.navigate(Page.java:5491)
	at Commom.HeaderSection.launchURL(HeaderSection.java:20)
	at StepDefs.StepDefinitions.navigate_to_url(StepDefinitions.java:31)
	at ✽.navigate to URL "https://ecommerce-playground.lambdatest.io/"(file:///H:/Prasanth/IdeaProjects/PlaywrightSimpleProject/PlaywrightProject/src/test/resources/features/login.feature:6)
&amp#27;[0m

    After Step: To validate that Error message is displayed when performing register with Mandatory fields as empty

      &amp#27;[31mcom.microsoft.playwright.PlaywrightException: Object doesn't exist: request@d0cbf5e9f659e1d687272893b5b6fefc
	at com.microsoft.playwright.impl.Connection.getExistingObject(Connection.java:195)
	at com.microsoft.playwright.impl.BrowserContextImpl.handleEvent(BrowserContextImpl.java:744)
	at com.microsoft.playwright.impl.Connection.dispatch(Connection.java:295)
	at com.microsoft.playwright.impl.Connection.processOneMessage(Connection.java:214)
	at com.microsoft.playwright.impl.ChannelOwner.runUntil(ChannelOwner.java:136)
	at com.microsoft.playwright.impl.Connection.sendMessage(Connection.java:131)
	at com.microsoft.playwright.impl.ChannelOwner.sendMessage(ChannelOwner.java:124)
	at com.microsoft.playwright.impl.PageImpl.screenshotImpl(PageImpl.java:1207)
	at com.microsoft.playwright.impl.PageImpl.screenshot(PageImpl.java:1162)
	at com.microsoft.playwright.Page.screenshot(Page.java:6756)
	at StepDefs.DriverInstansiation.takeScreenshot(DriverInstansiation.java:57)
	at StepDefs.CucumberHooks.afterStep(CucumberHooks.java:31)
&amp#27;[0m
  &amp#27;[36mAnd &amp#27;[0m&amp#27;[36mclick Login button&amp#27;[0m                                                &amp#27;[90m# StepDefs.StepDefinitions.click_login_button()&amp#27;[0m
  &amp#27;[36mWhen &amp#27;[0m&amp#27;[36mlogin with the credentials &amp#27;[0m&amp#27;[36m&amp#27;[1m"koushik350@gmail.com"&amp#27;[0m&amp#27;[36m and &amp#27;[0m&amp#27;[36m&amp#27;[1m"Pass123$"&amp#27;[0m &amp#27;[90m# StepDefs.StepDefinitions.login_with_the_credentials_and(java.lang.String,java.lang.String)&amp#27;[0m
  &amp#27;[36mThen &amp#27;[0m&amp#27;[36mthe user should get navigaetd to MyAccount Page&amp#27;[0m                  &amp#27;[90m# StepDefs.StepDefinitions.the_user_should_get_navigaetd_to_my_account_page()&amp#27;[0m

    After Executing Scenario: To perform successful login for the user


    Embedding To perform successful login for the user - Screenshot [image/png 594459 bytes]

]]></system-out>
  </testcase>
  <testcase name="To perform successful login for the user #1" classname="Login Feature" time="0.0">
    <error message="Object doesn&apos;t exist: request@d0cbf5e9f659e1d687272893b5b6fefc" type="com.microsoft.playwright.PlaywrightException"><![CDATA[com.microsoft.playwright.PlaywrightException: Object doesn't exist: request@d0cbf5e9f659e1d687272893b5b6fefc
	at com.microsoft.playwright.impl.Connection.getExistingObject(Connection.java:195)
	at com.microsoft.playwright.impl.BrowserContextImpl.handleEvent(BrowserContextImpl.java:744)
	at com.microsoft.playwright.impl.Connection.dispatch(Connection.java:295)
	at com.microsoft.playwright.impl.Connection.processOneMessage(Connection.java:214)
	at com.microsoft.playwright.impl.ChannelOwner.runUntil(ChannelOwner.java:136)
	at com.microsoft.playwright.impl.Connection.sendMessage(Connection.java:131)
	at com.microsoft.playwright.impl.ChannelOwner.sendMessage(ChannelOwner.java:124)
	at com.microsoft.playwright.impl.PageImpl.screenshotImpl(PageImpl.java:1207)
	at com.microsoft.playwright.impl.PageImpl.screenshot(PageImpl.java:1162)
	at com.microsoft.playwright.Page.screenshot(Page.java:6756)
	at StepDefs.DriverInstansiation.takeScreenshot(DriverInstansiation.java:57)
	at StepDefs.CucumberHooks.afterStep(CucumberHooks.java:31)
]]></error>
  </testcase>
  <testcase name="To perform successful login for the user #2" classname="Login Feature" time="17.432">
    <failure message="My Account Page is displayed" type="java.lang.AssertionError"><![CDATA[java.lang.AssertionError: My Account Page is displayed
	at org.junit.Assert.fail(Assert.java:89)
	at org.junit.Assert.assertTrue(Assert.java:42)
	at StepDefs.StepDefinitions.the_user_should_get_navigaetd_to_my_account_page(StepDefinitions.java:88)
	at ✽.the user should get navigaetd to MyAccount Page(file:///H:/Prasanth/IdeaProjects/PlaywrightSimpleProject/PlaywrightProject/src/test/resources/features/login.feature:9)
]]></failure>
    <system-out><![CDATA[
@allTCRun @positive @LoginUser
Scenario Outline: To perform successful login for the user            &amp#27;[90m# src/test/resources/features/login.feature:14&amp#27;[0m

    Executing Scenario: To perform successful login for the user


    Launched URL is :https://ecommerce-playground.lambdatest.io/

  &amp#27;[32mGiven &amp#27;[0m&amp#27;[32mnavigate to URL &amp#27;[0m&amp#27;[32m&amp#27;[1m"https://ecommerce-playground.lambdatest.io/"&amp#27;[0m &amp#27;[90m# StepDefs.StepDefinitions.navigate_to_url(java.lang.String)&amp#27;[0m

    After Step: To perform successful login for the user


    Embedding To perform successful login for the user - Image [image/png 319665 bytes]

  &amp#27;[32mAnd &amp#27;[0m&amp#27;[32mclick Login button&amp#27;[0m                                              &amp#27;[90m# StepDefs.StepDefinitions.click_login_button()&amp#27;[0m

    After Step: To perform successful login for the user


    Embedding To perform successful login for the user - Image [image/png 96948 bytes]


    Login Email : abcdef@ghijkl.com

  &amp#27;[32mWhen &amp#27;[0m&amp#27;[32mlogin with the credentials &amp#27;[0m&amp#27;[32m&amp#27;[1m"abcdef@ghijkl.com"&amp#27;[0m&amp#27;[32m and &amp#27;[0m&amp#27;[32m&amp#27;[1m"ABCDEFG"&amp#27;[0m   &amp#27;[90m# StepDefs.StepDefinitions.login_with_the_credentials_and(java.lang.String,java.lang.String)&amp#27;[0m

    After Step: To perform successful login for the user


    Embedding To perform successful login for the user - Image [image/png 101058 bytes]


    My Account Page is displayed - false

  &amp#27;[31mThen &amp#27;[0m&amp#27;[31mthe user should get navigaetd to MyAccount Page&amp#27;[0m                &amp#27;[90m# StepDefs.StepDefinitions.the_user_should_get_navigaetd_to_my_account_page()&amp#27;[0m
      &amp#27;[31mjava.lang.AssertionError: My Account Page is displayed
	at org.junit.Assert.fail(Assert.java:89)
	at org.junit.Assert.assertTrue(Assert.java:42)
	at StepDefs.StepDefinitions.the_user_should_get_navigaetd_to_my_account_page(StepDefinitions.java:88)
	at ✽.the user should get navigaetd to MyAccount Page(file:///H:/Prasanth/IdeaProjects/PlaywrightSimpleProject/PlaywrightProject/src/test/resources/features/login.feature:9)
&amp#27;[0m

    After Step: To perform successful login for the user


    Embedding To perform successful login for the user - Image [image/png 101058 bytes]


    After Executing Scenario: To perform successful login for the user


    Embedding To perform successful login for the user - Screenshot [image/png 113271 bytes]

]]></system-out>
  </testcase>
</testsuite>