<?xml version="1.0" encoding="UTF-8"?>
<testsuite xmlns:xsi="http://www.w3.org/2001/XMLSchema-instance" xsi:noNamespaceSchemaLocation="https://maven.apache.org/surefire/maven-surefire-plugin/xsd/surefire-test-report.xsd" version="3.0.2" name="TestRunner.TestRunner" time="43.317" tests="1" errors="0" skipped="0" failures="0">
  <properties>
[...]
</properties>
  <testcase name="To perform successful login for the user" classname="Login Feature" time="42.402">
    <system-out><![CDATA[Current Page is : Account
Current Page Title is : My Account
]]></system-out>
  </testcase>
</testsuite>