<?xml version="1.0" encoding="UTF-8"?>
<testsuite xmlns:xsi="http://www.w3.org/2001/XMLSchema-instance" xsi:noNamespaceSchemaLocation="https://maven.apache.org/surefire/maven-surefire-plugin/xsd/surefire-test-report.xsd" version="3.0.2" name="TestRunner.TestRunner" time="75.139" tests="2" errors="0" skipped="0" failures="1">
  <properties>
[...]
</properties>
  <testcase name="To perform successful login for the user #1" classname="Login Feature" time="45.584">
    <system-out><![CDATA[
@allTCRun @positive @LoginUser
&amp#27;[1mScenario Outline:&amp#27;[22m To perform successful login for the user                &amp#27;[90m# file:///H:/Prasanth/IdeaProjects/PlaywrightSimpleProject/PlaywrightProject/src/test/resources/features/login.feature:30&amp#27;[39m

        &amp#27;[34mExecuting Scenario: To perform successful login for the user&amp#27;[39m

  &amp#27;[32m✔&amp#27;[39m &amp#27;[32m&amp#27;[1mGiven &amp#27;[22mnavigate to URL &amp#27;[1m"https://ecommerce-playground.lambdatest.io/"&amp#27;[22m&amp#27;[39m   &amp#27;[90m# StepDefs.StepDefinitions.navigate_to_url(java.lang.String)&amp#27;[39m

        &amp#27;[34mAfter Step: To perform successful login for the user&amp#27;[39m


        &amp#27;[34mEmbedding To perform successful login for the user - Image [image/png 319659 bytes]&amp#27;[39m

  &amp#27;[32m✔&amp#27;[39m &amp#27;[32m&amp#27;[1mAnd &amp#27;[22mclick Login button&amp#27;[39m                                                &amp#27;[90m# StepDefs.StepDefinitions.click_login_button()&amp#27;[39m

        &amp#27;[34mAfter Step: To perform successful login for the user&amp#27;[39m


        &amp#27;[34mEmbedding To perform successful login for the user - Image [image/png 96948 bytes]&amp#27;[39m

  &amp#27;[32m✔&amp#27;[39m &amp#27;[32m&amp#27;[1mWhen &amp#27;[22mlogin with the credentials &amp#27;[1m"koushik350@gmail.com"&amp#27;[22m and &amp#27;[1m"Pass123$"&amp#27;[22m&amp#27;[39m &amp#27;[90m# StepDefs.StepDefinitions.login_with_the_credentials_and(java.lang.String,java.lang.String)&amp#27;[39m

        &amp#27;[34mAfter Step: To perform successful login for the user&amp#27;[39m


        &amp#27;[34mEmbedding To perform successful login for the user - Image [image/png 93174 bytes]&amp#27;[39m

Current Page is : Account
Current Page Title is : My Account
  &amp#27;[32m✔&amp#27;[39m &amp#27;[32m&amp#27;[1mThen &amp#27;[22mthe user should get navigaetd to MyAccount Page&amp#27;[39m                  &amp#27;[90m# StepDefs.StepDefinitions.the_user_should_get_navigaetd_to_my_account_page()&amp#27;[39m

        &amp#27;[34mAfter Step: To perform successful login for the user&amp#27;[39m


        &amp#27;[34mEmbedding To perform successful login for the user - Image [image/png 93174 bytes]&amp#27;[39m


        &amp#27;[34mAfter Executing Scenario: To perform successful login for the user&amp#27;[39m

]]></system-out>
  </testcase>
  <testcase name="To perform successful login for the user #2" classname="Login Feature" time="20.333">
    <failure message="My Account Page is displayed" type="java.lang.AssertionError"><![CDATA[java.lang.AssertionError: My Account Page is displayed
	at org.junit.Assert.fail(Assert.java:89)
	at org.junit.Assert.assertTrue(Assert.java:42)
	at StepDefs.StepDefinitions.the_user_should_get_navigaetd_to_my_account_page(StepDefinitions.java:83)
	at ✽.the user should get navigaetd to MyAccount Page(file:///H:/Prasanth/IdeaProjects/PlaywrightSimpleProject/PlaywrightProject/src/test/resources/features/login.feature:26)
]]></failure>
    <system-out><![CDATA[
@allTCRun @positive @LoginUser
&amp#27;[1mScenario Outline:&amp#27;[22m To perform successful login for the user              &amp#27;[90m# file:///H:/Prasanth/IdeaProjects/PlaywrightSimpleProject/PlaywrightProject/src/test/resources/features/login.feature:31&amp#27;[39m

        &amp#27;[34mExecuting Scenario: To perform successful login for the user&amp#27;[39m

  &amp#27;[32m✔&amp#27;[39m &amp#27;[32m&amp#27;[1mGiven &amp#27;[22mnavigate to URL &amp#27;[1m"https://ecommerce-playground.lambdatest.io/"&amp#27;[22m&amp#27;[39m &amp#27;[90m# StepDefs.StepDefinitions.navigate_to_url(java.lang.String)&amp#27;[39m

        &amp#27;[34mAfter Step: To perform successful login for the user&amp#27;[39m


        &amp#27;[34mEmbedding To perform successful login for the user - Image [image/png 319638 bytes]&amp#27;[39m

  &amp#27;[32m✔&amp#27;[39m &amp#27;[32m&amp#27;[1mAnd &amp#27;[22mclick Login button&amp#27;[39m                                              &amp#27;[90m# StepDefs.StepDefinitions.click_login_button()&amp#27;[39m

        &amp#27;[34mAfter Step: To perform successful login for the user&amp#27;[39m


        &amp#27;[34mEmbedding To perform successful login for the user - Image [image/png 96948 bytes]&amp#27;[39m

  &amp#27;[32m✔&amp#27;[39m &amp#27;[32m&amp#27;[1mWhen &amp#27;[22mlogin with the credentials &amp#27;[1m"abcdef@ghijkl.com"&amp#27;[22m and &amp#27;[1m"ABCDEFG"&amp#27;[22m&amp#27;[39m   &amp#27;[90m# StepDefs.StepDefinitions.login_with_the_credentials_and(java.lang.String,java.lang.String)&amp#27;[39m

        &amp#27;[34mAfter Step: To perform successful login for the user&amp#27;[39m


        &amp#27;[34mEmbedding To perform successful login for the user - Image [image/png 101058 bytes]&amp#27;[39m

  &amp#27;[31m✘&amp#27;[39m &amp#27;[31m&amp#27;[1mThen &amp#27;[22mthe user should get navigaetd to MyAccount Page&amp#27;[39m                &amp#27;[90m# StepDefs.StepDefinitions.the_user_should_get_navigaetd_to_my_account_page()&amp#27;[39m
        &amp#27;[31mjava.lang.AssertionError: My Account Page is displayed&amp#27;[39m
        &amp#27;[31m	at org.junit.Assert.fail(Assert.java:89)&amp#27;[39m
        &amp#27;[31m	at org.junit.Assert.assertTrue(Assert.java:42)&amp#27;[39m
        &amp#27;[31m	at StepDefs.StepDefinitions.the_user_should_get_navigaetd_to_my_account_page(StepDefinitions.java:83)&amp#27;[39m
        &amp#27;[31m	at ✽.the user should get navigaetd to MyAccount Page(file:///H:/Prasanth/IdeaProjects/PlaywrightSimpleProject/PlaywrightProject/src/test/resources/features/login.feature:26)&amp#27;[39m

        &amp#27;[34mAfter Step: To perform successful login for the user&amp#27;[39m


        &amp#27;[34mEmbedding To perform successful login for the user - Image [image/png 101058 bytes]&amp#27;[39m


        &amp#27;[34mAfter Executing Scenario: To perform successful login for the user&amp#27;[39m


        &amp#27;[34mEmbedding To perform successful login for the user - Screenshot [image/png 113271 bytes]&amp#27;[39m

]]></system-out>
  </testcase>
</testsuite>